\BOOKMARK [0][-]{chapter.1}{\376\377\000P\000o\000l\000y\000n\000o\000m\000i\000a\000l\000\040\000o\000r\000b\000i\000t\000-\000f\000i\000n\000i\000t\000e\000\040\000s\000e\000t\000s}{}% 1
\BOOKMARK [1][-]{section.1.1}{\376\377\000R\000e\000p\000r\000e\000s\000e\000n\000t\000a\000t\000i\000o\000n\000\040\000o\000f\000\040\000*\000e\000q\000u\000i\000v\000a\000r\000i\000a\000n\000t\000\040\000s\000u\000b\000s\000e\000t\000s}{chapter.1}% 2
\BOOKMARK [1][-]{section.1.2}{\376\377\000G\000r\000a\000p\000h\000\040\000r\000e\000a\000c\000h\000a\000b\000i\000l\000i\000t\000y}{chapter.1}% 3
\BOOKMARK [0][-]{chapter.2}{\376\377\000A\000u\000t\000o\000m\000a\000t\000a\000\040\000f\000o\000r\000\040\000p\000o\000l\000y\000n\000o\000m\000i\000a\000l\000\040\000o\000r\000b\000i\000t\000-\000f\000i\000n\000i\000t\000e\000\040\000s\000e\000t\000s}{}% 4
\BOOKMARK [1][-]{section.2.1}{\376\377\000A\000u\000t\000o\000m\000a\000t\000a\000\040\000a\000n\000d\000\040\000t\000h\000e\000i\000r\000\040\000e\000m\000p\000t\000i\000n\000e\000s\000s\000\040\000p\000r\000o\000b\000l\000e\000m}{chapter.2}% 5
\BOOKMARK [1][-]{section.2.2}{\376\377\000U\000n\000d\000e\000c\000i\000d\000a\000b\000l\000e\000\040\000u\000n\000i\000v\000e\000r\000s\000a\000l\000i\000t\000y}{chapter.2}% 6
\BOOKMARK [1][-]{section.2.3}{\376\377\000A\000\040\000d\000e\000c\000i\000d\000a\000b\000l\000e\000\040\000c\000a\000s\000e\000\040\000o\000f\000\040\000u\000n\000i\000v\000e\000r\000s\000a\000l\000i\000t\000y}{chapter.2}% 7
\BOOKMARK [0][-]{chapter.3}{\376\377\000M\000o\000r\000e\000\040\000c\000o\000m\000p\000u\000t\000a\000t\000i\000o\000n\000a\000l\000\040\000m\000o\000d\000e\000l\000s\000\040\000w\000i\000t\000h\000\040\000a\000t\000o\000m\000s}{}% 8
\BOOKMARK [1][-]{section.3.1}{\376\377\000A\000l\000t\000e\000r\000n\000a\000t\000i\000n\000g\000\040\000a\000u\000t\000o\000m\000a\000t\000a}{chapter.3}% 9
\BOOKMARK [1][-]{section.3.2}{\376\377\000T\000w\000o\000-\000w\000a\000y\000\040\000a\000u\000t\000o\000m\000a\000t\000a}{chapter.3}% 10
\BOOKMARK [1][-]{section.3.3}{\376\377\000C\000i\000r\000c\000u\000i\000t\000s}{chapter.3}% 11
\BOOKMARK [1][-]{section.3.4}{\376\377\000P\000u\000s\000h\000d\000o\000w\000n\000\040\000a\000u\000t\000o\000m\000a\000t\000a\000\040\000a\000n\000d\000\040\000c\000o\000n\000t\000e\000x\000t\000-\000f\000r\000e\000e\000\040\000g\000r\000a\000m\000m\000a\000r\000s}{chapter.3}% 12
\BOOKMARK [1][-]{section.3.5}{\376\377\000T\000u\000r\000i\000n\000g\000\040\000m\000a\000c\000h\000i\000n\000e\000s}{chapter.3}% 13
\BOOKMARK [0][-]{chapter.4}{\376\377\000O\000r\000b\000i\000t\000-\000f\000i\000n\000i\000t\000e\000\040\000s\000e\000t\000s}{}% 14
\BOOKMARK [1][-]{section.4.1}{\376\377\000S\000u\000b\000q\000u\000o\000t\000i\000e\000n\000t\000e\000d\000\040\000p\000o\000f\000\040\000s\000e\000t\000s}{chapter.4}% 15
\BOOKMARK [1][-]{section.4.2}{\376\377\000O\000r\000b\000i\000t\000-\000f\000i\000n\000i\000t\000e\000n\000e\000s\000s}{chapter.4}% 16
\BOOKMARK [1][-]{section.4.3}{\376\377\000A\000\040\000M\000y\000h\000i\000l\000l\000-\000N\000e\000r\000o\000d\000e\000\040\000T\000h\000e\000o\000r\000e\000m}{chapter.4}% 17
\BOOKMARK [1][-]{section.4.4}{\376\377\000L\000e\000a\000s\000t\000\040\000s\000u\000p\000p\000o\000r\000t\000s}{chapter.4}% 18
\BOOKMARK [0][-]{chapter.5}{\376\377\000A\000t\000o\000m\000s\000\040\000b\000e\000y\000o\000n\000d\000\040\000e\000q\000u\000a\000l\000i\000t\000y}{}% 19
\BOOKMARK [1][-]{section.5.1}{\376\377\000O\000l\000i\000g\000o\000m\000o\000r\000p\000h\000i\000c\000\040\000s\000t\000r\000u\000c\000t\000u\000r\000e\000s}{chapter.5}% 20
\BOOKMARK [1][-]{section.5.2}{\376\377\000R\000e\000p\000r\000e\000s\000e\000n\000t\000a\000t\000i\000o\000n\000\040\000o\000f\000\040\000*\000e\000q\000u\000i\000v\000a\000r\000i\000a\000n\000t\000\040\000s\000u\000b\000s\000e\000t\000s}{chapter.5}% 21
\BOOKMARK [1][-]{section.5.3}{\376\377\000*\000O\000r\000b\000i\000t\000-\000f\000i\000n\000i\000t\000e\000\040\000s\000e\000t\000s}{chapter.5}% 22
\BOOKMARK [0][-]{chapter.6}{\376\377\000*\000H\000o\000m\000o\000g\000e\000n\000e\000o\000u\000s\000\040\000a\000t\000o\000m\000s}{}% 23
\BOOKMARK [1][-]{section.6.1}{\376\377\000H\000o\000m\000o\000g\000e\000n\000e\000o\000u\000s\000\040\000s\000t\000r\000u\000c\000t\000u\000r\000e\000s}{chapter.6}% 24
\BOOKMARK [1][-]{section.6.2}{\376\377\000T\000h\000e\000\040\000F\000r\000a\000\357\000s\000s\000\351\000\040\000l\000i\000m\000i\000t}{chapter.6}% 25
\BOOKMARK [1][-]{section.6.3}{\376\377\000E\000x\000a\000m\000p\000l\000e\000s\000\040\000o\000f\000\040\000h\000o\000m\000o\000g\000e\000n\000e\000o\000u\000s\000\040\000a\000t\000o\000m\000s}{chapter.6}% 26
\BOOKMARK [2][-]{subsection.6.3.1}{\376\377\000T\000h\000e\000\040\000r\000a\000n\000d\000o\000m\000\040\000g\000r\000a\000p\000h}{section.6.3}% 27
\BOOKMARK [2][-]{subsection.6.3.2}{\376\377\000B\000i\000t\000\040\000v\000e\000c\000t\000o\000r\000s}{section.6.3}% 28
\BOOKMARK [2][-]{subsection.6.3.3}{\376\377\000T\000r\000e\000e\000s\000\040\000a\000n\000d\000\040\000f\000o\000r\000e\000s\000t\000s}{section.6.3}% 29
\BOOKMARK [0][-]{chapter.7}{\376\377\000A\000l\000g\000o\000r\000i\000t\000h\000m\000s\000\040\000o\000n\000\040\000o\000r\000b\000i\000t\000-\000f\000i\000n\000i\000t\000e\000\040\000s\000e\000t\000s}{}% 30
\BOOKMARK [1][-]{section.7.1}{\376\377\000R\000e\000p\000r\000e\000s\000e\000n\000t\000i\000n\000g\000\040\000o\000r\000b\000i\000t\000-\000f\000i\000n\000i\000t\000e\000\040\000s\000e\000t\000s}{chapter.7}% 31
\BOOKMARK [1][-]{section.7.2}{\376\377\000R\000e\000p\000r\000e\000s\000e\000n\000t\000i\000n\000g\000\040\000e\000l\000e\000m\000e\000n\000t\000s\000\040\000o\000f\000\040\000o\000r\000b\000i\000t\000-\000f\000i\000n\000i\000t\000e\000\040\000s\000e\000t\000s}{chapter.7}% 32
\BOOKMARK [1][-]{section.7.3}{\376\377\000O\000r\000b\000i\000t\000-\000f\000i\000n\000i\000t\000e\000\040\000g\000r\000a\000p\000h\000s\000\040\000a\000n\000d\000\040\000a\000u\000t\000o\000m\000a\000t\000a}{chapter.7}% 33
\BOOKMARK [1][-]{section.7.4}{\376\377\000S\000y\000s\000t\000e\000m\000s\000\040\000o\000f\000\040\000e\000q\000u\000a\000t\000i\000o\000n\000s}{chapter.7}% 34
\BOOKMARK [0][-]{chapter.8}{\376\377\000V\000e\000c\000t\000o\000r\000\040\000S\000p\000a\000c\000e\000s}{}% 35
\BOOKMARK [1][-]{section.8.1}{\376\377\000V\000e\000c\000t\000o\000r\000\040\000S\000p\000a\000c\000e\000s\000\040\000w\000i\000t\000h\000\040\000A\000t\000o\000m\000s}{chapter.8}% 36
\BOOKMARK [1][-]{section.8.2}{\376\377\000T\000h\000e\000\040\000f\000i\000n\000i\000t\000e\000\040\000l\000e\000n\000g\000t\000h\000\040\000p\000r\000o\000p\000e\000r\000t\000y}{chapter.8}% 37
\BOOKMARK [1][-]{section.8.3}{\376\377\000F\000u\000n\000c\000t\000i\000o\000n\000\040\000s\000p\000a\000c\000e\000s}{chapter.8}% 38
\BOOKMARK [0][-]{chapter.9}{\376\377\000T\000u\000r\000i\000n\000g\000\040\000m\000a\000c\000h\000i\000n\000e\000s}{}% 39
\BOOKMARK [1][-]{section.9.1}{\376\377\000O\000r\000b\000i\000t\000-\000f\000i\000n\000i\000t\000e\000\040\000T\000u\000r\000i\000n\000g\000\040\000m\000a\000c\000h\000i\000n\000e\000s}{chapter.9}% 40
\BOOKMARK [1][-]{section.9.2}{\376\377\000F\000o\000r\000\040\000b\000i\000t\000\040\000v\000e\000c\000t\000o\000r\000\040\000a\000t\000o\000m\000s\000,\000\040\000P\000\040\000!\000=\000\040\000N\000P}{chapter.9}% 41
\BOOKMARK [1][-]{section.9.3}{\376\377\000F\000o\000r\000\040\000e\000q\000u\000a\000l\000i\000t\000y\000\040\000a\000t\000o\000m\000s\000,\000\040\000d\000e\000t\000e\000r\000m\000i\000n\000i\000s\000a\000t\000i\000o\000n\000\040\000f\000a\000i\000l\000s}{chapter.9}% 42
\BOOKMARK [0][-]{chapter.10}{\376\377\000S\000e\000t\000s\000\040\000o\000f\000\040\000s\000e\000t\000s\000\040\000o\000f\000\040\000s\000e\000t\000s\000\040\000o\000f\000\040\000s\000e\000t\000s}{}% 43
\BOOKMARK [1][-]{section.10.1}{\376\377\000S\000e\000t\000s\000\040\000w\000i\000t\000h\000\040\000a\000t\000o\000m\000s}{chapter.10}% 44
\BOOKMARK [1][-]{section.10.2}{\376\377\000S\000e\000t\000s\000\040\000b\000u\000i\000l\000d\000e\000r\000\040\000e\000x\000p\000r\000e\000s\000s\000i\000o\000n\000s}{chapter.10}% 45
\BOOKMARK [0][-]{chapter.11}{\376\377\000W\000h\000i\000l\000e\000\040\000p\000r\000o\000g\000r\000a\000m\000s\000\040\000w\000i\000t\000h\000\040\000a\000t\000o\000m\000s}{}% 46
\BOOKMARK [1][-]{section.11.1}{\376\377\000W\000h\000i\000l\000e\000\040\000p\000r\000o\000g\000r\000a\000m\000s\000\040\000w\000i\000t\000h\000\040\000a\000t\000o\000m\000s}{chapter.11}% 47
\BOOKMARK [1][-]{section.11.2}{\376\377\000C\000o\000m\000p\000u\000t\000a\000t\000i\000o\000n\000a\000l\000\040\000c\000o\000m\000p\000l\000e\000t\000e\000n\000e\000s\000s\000\040\000o\000f\000\040\000w\000h\000i\000l\000e\000\040\000p\000r\000o\000g\000r\000a\000m\000s}{chapter.11}% 48
\BOOKMARK [0][-]{chapter.12}{\376\377\000F\000i\000x\000e\000d\000\040\000d\000i\000m\000e\000n\000s\000i\000o\000n\000\040\000p\000o\000l\000y\000n\000o\000m\000i\000a\000l\000\040\000t\000i\000m\000e}{}% 49
\BOOKMARK [1][-]{section.12.1}{\376\377\000D\000i\000m\000e\000n\000s\000i\000o\000n\000\040\000a\000n\000d\000\040\000s\000i\000z\000e\000\040\000o\000f\000\040\000r\000e\000p\000r\000e\000s\000e\000n\000t\000a\000b\000l\000e\000\040\000s\000e\000t\000s}{chapter.12}% 50
\BOOKMARK [2][-]{subsection.12.1.1}{\376\377\000D\000i\000m\000e\000n\000s\000i\000o\000n}{section.12.1}% 51
\BOOKMARK [2][-]{subsection.12.1.2}{\376\377\000S\000i\000z\000e}{section.12.1}% 52
\BOOKMARK [1][-]{section.12.2}{\376\377\000F\000i\000x\000e\000d\000\040\000d\000i\000m\000e\000n\000s\000i\000o\000n\000\040\000p\000o\000l\000y\000n\000o\000m\000i\000a\000l\000\040\000t\000i\000m\000e}{chapter.12}% 53
\BOOKMARK [1][-]{chapter*.37}{\376\377\000A\000u\000t\000h\000o\000r\000\040\000i\000n\000d\000e\000x}{chapter.12}% 54
\BOOKMARK [1][-]{chapter*.37}{\376\377\000S\000u\000b\000j\000e\000c\000t\000\040\000i\000n\000d\000e\000x}{chapter.12}% 55
